Flow report for mux
Wed Jan 30 14:33:54 2013
Quartus II Version 8.1 Build 163 10/28/2008 SJ Web Edition


---------------------
; Table of Contents ;
---------------------
  1. Legal Notice
  2. Flow Summary
  3. Flow Settings
  4. Flow Non-Default Global Settings
  5. Flow Elapsed Time
  6. Flow OS Summary
  7. Flow Log



----------------
; Legal Notice ;
----------------
Copyright (C) 1991-2008 Altera Corporation
Your use of Altera Corporation's design tools, logic functions 
and other software and tools, and its AMPP partner logic 
functions, and any output files from any of the foregoing 
(including device programming or simulation files), and any 
associated documentation or information are expressly subject 
to the terms and conditions of the Altera Program License 
Subscription Agreement, Altera MegaCore Function License 
Agreement, or other applicable license agreement, including, 
without limitation, that your use is for the sole purpose of 
programming logic devices manufactured by Altera and sold by 
Altera or its authorized distributors.  Please refer to the 
applicable agreement for further details.



+-------------------------------------------------------------------+
; Flow Summary                                                      ;
+-------------------------+-----------------------------------------+
; Flow Status             ; Flow Failed - Wed Jan 30 14:33:54 2013  ;
; Quartus II Version      ; 8.1 Build 163 10/28/2008 SJ Web Edition ;
; Revision Name           ; mux                                     ;
; Top-level Entity Name   ; mux                                     ;
; Family                  ; MAX3000A                                ;
; Device                  ; EPM3064ALC44-10                         ;
; Timing Models           ; Final                                   ;
; Met timing requirements ; N/A                                     ;
+-------------------------+-----------------------------------------+


+-----------------------------------------+
; Flow Settings                           ;
+-------------------+---------------------+
; Option            ; Setting             ;
+-------------------+---------------------+
; Start date & time ; 01/30/2013 14:33:54 ;
; Main task         ; Compilation         ;
; Revision Name     ; mux                 ;
+-------------------+---------------------+


+---------------------------------------------------------------------------------------------------------------------+
; Flow Non-Default Global Settings                                                                                    ;
+------------------------------------+---------------------------------+---------------+-------------+----------------+
; Assignment Name                    ; Value                           ; Default Value ; Entity Name ; Section Id     ;
+------------------------------------+---------------------------------+---------------+-------------+----------------+
; COMPILER_SIGNATURE_ID              ; 268749059500342.135953663402008 ; --            ; --          ; --             ;
; MAX_CORE_JUNCTION_TEMP             ; 85                              ; --            ; --          ; --             ;
; MIN_CORE_JUNCTION_TEMP             ; 0                               ; --            ; --          ; --             ;
; USE_GENERATED_PHYSICAL_CONSTRAINTS ; Off                             ; --            ; --          ; eda_blast_fpga ;
+------------------------------------+---------------------------------+---------------+-------------+----------------+


+--------------------------------------------------------------------------------------------------------------------------+
; Flow Elapsed Time                                                                                                        ;
+----------------------+--------------+-------------------------+---------------------+------------------------------------+
; Module Name          ; Elapsed Time ; Average Processors Used ; Peak Virtual Memory ; Total CPU Time (on all processors) ;
+----------------------+--------------+-------------------------+---------------------+------------------------------------+
; Analysis & Synthesis ; 00:00:00     ; 1.0                     ; 167 MB              ; 00:00:01                           ;
; Total                ; 00:00:00     ; --                      ; --                  ; 00:00:01                           ;
+----------------------+--------------+-------------------------+---------------------+------------------------------------+


+------------------------------------------------------------------------------------+
; Flow OS Summary                                                                    ;
+----------------------+------------------+------------+------------+----------------+
; Module Name          ; Machine Hostname ; OS Name    ; OS Version ; Processor type ;
+----------------------+------------------+------------+------------+----------------+
; Analysis & Synthesis ; ECLAB11-16       ; Windows XP ; 5.1        ; i686           ;
+----------------------+------------------+------------+------------+----------------+


------------
; Flow Log ;
------------
quartus_map --read_settings_files=on --write_settings_files=off mux -c mux



